<?xml version="1.0" encoding="UTF-8"?>
<!-- Generated by org.testng.reporters.JUnitReportReporter -->
<testsuite skipped="0" hostname="DESKTOP-4UGDJKS" name="DemoPackage.DemoTest" tests="1" failures="0" timestamp="2021-07-14T17:36:16 IST" time="16.432" errors="0">
  <testcase name="openPage" time="16.432" classname="DemoPackage.DemoTest"/>
  <system-out/>
</testsuite> <!-- DemoPackage.DemoTest -->
